GRPRNT OF C2010-10-22T140643.fmn                                          
BDF/Event/Electrode files created on Friday, October 22, 2010 Date: 22.1
                                                                        
                                                                        
                                                                        
                                                                        
                                                                        
GROUP VAR  2 ID=Montage                 
GROUP VAR  3 ID=Magnitude               
GROUP VAR  4 ID=Frequency               

         2    3    4
         -    -    -
    1    0    2    3
    2    0    3    1
    3    0    3    5
    4    0    3    5
    5    0    1    5
    6    0    2    5
    7    0    3    4
    8    0    3    2
    9    0    3    5
   10    0    1    5
   11    0    2    5
   12    0    3    5
   13    0    1    3
   14    0    3    2
   15    0    3    3
   16    0    1    4
   17    0    2    1
   18    0    3    3
   19    0    3    1
   20    0    2    1
   21    0    2    3
   22    0    3    4
   23    0    2    1
   24    0    2    4
   25    0    3    4
   26    0    1    5
   27    0    1    1
   28    0    2    2
   29    0    1    4
   30    0    2    5
   31    0    3    2
   32    0    1    3
   33    0    3    1
   34    0    1    3
   35    0    2    2
   36    0    2    2
   37    0    1    5
   38    0    1    1
   39    0    2    2
   40    0    3    2
   41    0    2    5
   42    0    2    1
   43    0    3    5
   44    0    2    2
   45    0    2    3
   46    0    1    3
   47    0    3    5
   48    0    2    2
   49    0    1    5
   50    0    1    5
   51    0    1    4
   52    0    3    4
   53    0    2    4
   54    0    3    2
   55    0    3    3
   56    0    1    5
   57    0    3    1
   58    0    3    2
   59    0    3    3
   60    0    1    3
   61    0    1    3
   62    0    1    2
   63    0    3    3
   64    0    1    4
   65    0    3    1
   66    0    1    3
   67    0    3    2
   68    0    3    1
   69    0    3    4
   70    0    3    3
   71    0    3    3
   72    0    3    5
   73    0    2    2
   74    0    1    1
   75    0    3    5
   76    0    3    3
   77    0    2    4
   78    0    1    2
   79    0    2    5
   80    0    2    5
   81    0    1    1
   82    0    2    5
   83    0    2    1
   84    0    1    1
   85    0    1    5
   86    0    2    5
   87    0    1    5
   88    0    2    5
   89    0    2    1
   90    0    3    4
   91    0    2    3
   92    0    1    5
   93    0    2    4
   94    0    2    5
   95    0    3    3
   96    0    2    3
   97    0    3    4
   98    0    3    5
   99    0    2    5
